<?xml version="1.0" encoding="UTF-8"?>
<!-- Generated by org.testng.reporters.JUnitReportReporter -->
<testsuite hostname="Mez_Laptop" failures="0" tests="1" name="com.nopCommerce.TestCases.CheckoutTest" time="3.575" errors="0" timestamp="2024-07-20T11:37:19 EDT" skipped="0">
  <testcase classname="com.nopCommerce.TestCases.CheckoutTest" name="verifyProductCheckout" time="3.575"/>
</testsuite> <!-- com.nopCommerce.TestCases.CheckoutTest -->
